[     607ms] [INFO] %cDownload the React DevTools for a better development experience: https://reactjs.org/link/react-devtools font-weight:bold @ http://localhost:5173/node_modules/.vite/deps/chunk-XPR23Y44.js?v=f3f2a38a:21548
[     980ms] [LOG] %c[Vercel Web Analytics]%c Debug mode is enabled by default in development. No requests will be sent to the server. color: rgb(120, 120, 120) color: inherit @ https://va.vercel-scripts.com/v1/script.debug.js:0
[     981ms] [LOG] %c[Vercel Web Analytics]%c [view] http://localhost:5173/ color: rgb(120, 120, 120) color: inherit {o: http://localhost:5173/, sv: 0.1.3, sdkn: @vercel/analytics/react, sdkv: 2.0.1, ts: 1781668103891} /_vercel/insights/view @ https://va.vercel-scripts.com/v1/script.debug.js:0
[     984ms] [LOG] %c[Vercel Speed Insights]%c Debug mode is enabled by default in development. No requests will be sent to the server. color: rgb(120, 120, 120) color: inherit @ https://va.vercel-scripts.com/v1/speed-insights/script.debug.js:0
[    8347ms] [LOG] %c[Vercel Speed Insights]%c [vitals] color: rgb(120, 120, 120) color: inherit {speed: 4g, metrics: Array(3), scriptVersion: 0.1.3, sdkName: @vercel/speed-insights/react, sdkVersion: 2.0.0} /_vercel/speed-insights/vitals @ https://va.vercel-scripts.com/v1/speed-insights/script.debug.js:0
[    8348ms] [LOG] %c[Vercel Speed Insights]%c [vitals] color: rgb(120, 120, 120) color: inherit {speed: 4g, metrics: Array(1), scriptVersion: 0.1.3, sdkName: @vercel/speed-insights/react, sdkVersion: 2.0.0} /_vercel/speed-insights/vitals @ https://va.vercel-scripts.com/v1/speed-insights/script.debug.js:0
[    8381ms] [INFO] %cDownload the React DevTools for a better development experience: https://reactjs.org/link/react-devtools font-weight:bold @ http://localhost:5173/node_modules/.vite/deps/chunk-XPR23Y44.js?v=f3f2a38a:21548
[    8409ms] [LOG] %c[Vercel Web Analytics]%c Debug mode is enabled by default in development. No requests will be sent to the server. color: rgb(120, 120, 120) color: inherit @ https://va.vercel-scripts.com/v1/script.debug.js:0
[    8409ms] [LOG] %c[Vercel Web Analytics]%c [view] http://localhost:5173/ color: rgb(120, 120, 120) color: inherit {o: http://localhost:5173/, sv: 0.1.3, sdkn: @vercel/analytics/react, sdkv: 2.0.1, ts: 1781668111320} /_vercel/insights/view @ https://va.vercel-scripts.com/v1/script.debug.js:0
[    8410ms] [LOG] %c[Vercel Speed Insights]%c Debug mode is enabled by default in development. No requests will be sent to the server. color: rgb(120, 120, 120) color: inherit @ https://va.vercel-scripts.com/v1/speed-insights/script.debug.js:0
[  175579ms] ReferenceError: GhostTile is not defined
    at http://localhost:5173/src/App.tsx?t=1781668278367:285:41
    at Array.map (<anonymous>)
    at http://localhost:5173/src/App.tsx?t=1781668278367:276:76
    at Array.map (<anonymous>)
    at Board (http://localhost:5173/src/App.tsx?t=1781668278367:227:196)
    at renderWithHooks (http://localhost:5173/node_modules/.vite/deps/chunk-XPR23Y44.js?v=f3f2a38a:11546:26)
    at updateFunctionComponent (http://localhost:5173/node_modules/.vite/deps/chunk-XPR23Y44.js?v=f3f2a38a:14580:28)
    at beginWork (http://localhost:5173/node_modules/.vite/deps/chunk-XPR23Y44.js?v=f3f2a38a:15922:22)
    at HTMLUnknownElement.callCallback2 (http://localhost:5173/node_modules/.vite/deps/chunk-XPR23Y44.js?v=f3f2a38a:3672:22)
    at Object.invokeGuardedCallbackDev (http://localhost:5173/node_modules/.vite/deps/chunk-XPR23Y44.js?v=f3f2a38a:3697:24)
[  175585ms] ReferenceError: GhostTile is not defined
    at http://localhost:5173/src/App.tsx?t=1781668278367:285:41
    at Array.map (<anonymous>)
    at http://localhost:5173/src/App.tsx?t=1781668278367:276:76
    at Array.map (<anonymous>)
    at Board (http://localhost:5173/src/App.tsx?t=1781668278367:227:196)
    at renderWithHooks (http://localhost:5173/node_modules/.vite/deps/chunk-XPR23Y44.js?v=f3f2a38a:11546:26)
    at updateFunctionComponent (http://localhost:5173/node_modules/.vite/deps/chunk-XPR23Y44.js?v=f3f2a38a:14580:28)
    at beginWork (http://localhost:5173/node_modules/.vite/deps/chunk-XPR23Y44.js?v=f3f2a38a:15922:22)
    at HTMLUnknownElement.callCallback2 (http://localhost:5173/node_modules/.vite/deps/chunk-XPR23Y44.js?v=f3f2a38a:3672:22)
    at Object.invokeGuardedCallbackDev (http://localhost:5173/node_modules/.vite/deps/chunk-XPR23Y44.js?v=f3f2a38a:3697:24)
[  175596ms] [ERROR] The above error occurred in the <Board> component:

    at Board (http://localhost:5173/src/App.tsx?t=1781668278367:225:18)
    at div
    at div
    at App (http://localhost:5173/src/App.tsx?t=1781668278367:24:13)
    at ErrorBoundary (http://localhost:5173/src/ErrorBoundary.tsx?t=1781666271074:5:8)

React will try to recreate this component tree from scratch using the error boundary you provided, ErrorBoundary. @ http://localhost:5173/node_modules/.vite/deps/chunk-XPR23Y44.js?v=f3f2a38a:14029
[  175596ms] [ERROR] [acryodle] render crash: ReferenceError: GhostTile is not defined
    at http://localhost:5173/src/App.tsx?t=1781668278367:285:41
    at Array.map (<anonymous>)
    at http://localhost:5173/src/App.tsx?t=1781668278367:276:76
    at Array.map (<anonymous>)
    at Board (http://localhost:5173/src/App.tsx?t=1781668278367:227:196)
    at renderWithHooks (http://localhost:5173/node_modules/.vite/deps/chunk-XPR23Y44.js?v=f3f2a38a:11546:26)
    at updateFunctionComponent (http://localhost:5173/node_modules/.vite/deps/chunk-XPR23Y44.js?v=f3f2a38a:14580:28)
    at beginWork (http://localhost:5173/node_modules/.vite/deps/chunk-XPR23Y44.js?v=f3f2a38a:15922:22)
    at beginWork$1 (http://localhost:5173/node_modules/.vite/deps/chunk-XPR23Y44.js?v=f3f2a38a:19751:22)
    at performUnitOfWork (http://localhost:5173/node_modules/.vite/deps/chunk-XPR23Y44.js?v=f3f2a38a:19196:20) @ http://localhost:5173/src/ErrorBoundary.tsx?t=1781666271074:10
